<html>
<head>
<title>TestNG:  CreateAccount</title>
<link href="../testng.css" rel="stylesheet" type="text/css" />
<link href="../my-testng.css" rel="stylesheet" type="text/css" />

<style type="text/css">
.log { display: none;} 
.stack-trace { display: none;} 
</style>
<script type="text/javascript">
<!--
function flip(e) {
  current = e.style.display;
  if (current == 'block') {
    e.style.display = 'none';
    return 0;
  }
  else {
    e.style.display = 'block';
    return 1;
  }
}

function toggleBox(szDivId, elem, msg1, msg2)
{
  var res = -1;  if (document.getElementById) {
    res = flip(document.getElementById(szDivId));
  }
  else if (document.all) {
    // this is the way old msie versions work
    res = flip(document.all[szDivId]);
  }
  if(elem) {
    if(res == 0) elem.innerHTML = msg1; else elem.innerHTML = msg2;
  }

}

function toggleAllBoxes() {
  if (document.getElementsByTagName) {
    d = document.getElementsByTagName('div');
    for (i = 0; i < d.length; i++) {
      if (d[i].className == 'log') {
        flip(d[i]);
      }
    }
  }
}

// -->
</script>

</head>
<body>
<h2 align='center'>CreateAccount</h2><table border='1' align="center">
<tr>
<td>Tests passed/Failed/Skipped:</td><td>0/0/5</td>
</tr><tr>
<td>Started on:</td><td>Sun Sep 22 13:33:09 SGT 2019</td>
</tr>
<tr><td>Total time:</td><td>0 seconds (421 ms)</td>
</tr><tr>
<td>Included groups:</td><td></td>
</tr><tr>
<td>Excluded groups:</td><td></td>
</tr>
</table><p/>
<small><i>(Hover the method name to see the test class name)</i></small><p/>
<table width='100%' border='1' class='invocation-failed'>
<tr><td colspan='4' align='center'><b>FAILED CONFIGURATIONS</b></td></tr>
<tr><td><b>Test method</b></td>
<td width="30%"><b>Exception</b></td>
<td width="10%"><b>Time (seconds)</b></td>
<td><b>Instance</b></td>
</tr>
<tr>
<td title='com.imdb.tests.ImdbTests.setup()'><b>setup</b><br>Test class: com.imdb.tests.ImdbTests</td>
<td><div><pre>java.lang.IllegalStateException: The driver executable does not exist: C:\Users\NEERAJ\workspace\Qardio\.\src\test\java\resources\chromedriver.exe
	at com.google.common.base.Preconditions.checkState(Preconditions.java:530)
	at org.openqa.selenium.remote.service.DriverService.checkExecutable(DriverService.java:146)
	at org.openqa.selenium.remote.service.DriverService.findExecutable(DriverService.java:141)
	at org.openqa.selenium.chrome.ChromeDriverService.access$000(ChromeDriverService.java:35)
	at org.openqa.selenium.chrome.ChromeDriverService$Builder.findDefaultExecutable(ChromeDriverService.java:159)
	at org.openqa.selenium.remote.service.DriverService$Builder.build(DriverService.java:355)
	at org.openqa.selenium.chrome.ChromeDriverService.createDefaultService(ChromeDriverService.java:94)
	at org.openqa.selenium.chrome.ChromeDriver.&lt;init&gt;(ChromeDriver.java:123)
	at com.qardio.project.BaseTest.setup(BaseTest.java:22)
... Removed 29 stack frames</pre></div><a href='#' onClick='toggleBox("stack-trace329645619", this, "Click to show all stack frames", "Click to hide stack frames")'>Click to show all stack frames</a>
<div class='stack-trace' id='stack-trace329645619'><pre>java.lang.IllegalStateException: The driver executable does not exist: C:\Users\NEERAJ\workspace\Qardio\.\src\test\java\resources\chromedriver.exe
	at com.google.common.base.Preconditions.checkState(Preconditions.java:530)
	at org.openqa.selenium.remote.service.DriverService.checkExecutable(DriverService.java:146)
	at org.openqa.selenium.remote.service.DriverService.findExecutable(DriverService.java:141)
	at org.openqa.selenium.chrome.ChromeDriverService.access$000(ChromeDriverService.java:35)
	at org.openqa.selenium.chrome.ChromeDriverService$Builder.findDefaultExecutable(ChromeDriverService.java:159)
	at org.openqa.selenium.remote.service.DriverService$Builder.build(DriverService.java:355)
	at org.openqa.selenium.chrome.ChromeDriverService.createDefaultService(ChromeDriverService.java:94)
	at org.openqa.selenium.chrome.ChromeDriver.&lt;init&gt;(ChromeDriver.java:123)
	at com.qardio.project.BaseTest.setup(BaseTest.java:22)
	at sun.reflect.NativeMethodAccessorImpl.invoke0(Native Method)
	at sun.reflect.NativeMethodAccessorImpl.invoke(NativeMethodAccessorImpl.java:62)
	at sun.reflect.DelegatingMethodAccessorImpl.invoke(DelegatingMethodAccessorImpl.java:43)
	at java.lang.reflect.Method.invoke(Method.java:483)
	at org.testng.internal.MethodInvocationHelper.invokeMethod(MethodInvocationHelper.java:85)
	at org.testng.internal.Invoker.invokeConfigurationMethod(Invoker.java:510)
	at org.testng.internal.Invoker.invokeConfigurations(Invoker.java:211)
	at org.testng.internal.Invoker.invokeMethod(Invoker.java:585)
	at org.testng.internal.Invoker.invokeTestMethod(Invoker.java:816)
	at org.testng.internal.Invoker.invokeTestMethods(Invoker.java:1124)
	at org.testng.internal.TestMethodWorker.invokeTestMethods(TestMethodWorker.java:125)
	at org.testng.internal.TestMethodWorker.run(TestMethodWorker.java:108)
	at org.testng.TestRunner.privateRun(TestRunner.java:774)
	at org.testng.TestRunner.run(TestRunner.java:624)
	at org.testng.SuiteRunner.runTest(SuiteRunner.java:359)
	at org.testng.SuiteRunner.runSequentially(SuiteRunner.java:354)
	at org.testng.SuiteRunner.privateRun(SuiteRunner.java:312)
	at org.testng.SuiteRunner.run(SuiteRunner.java:261)
	at org.testng.SuiteRunnerWorker.runSuite(SuiteRunnerWorker.java:52)
	at org.testng.SuiteRunnerWorker.run(SuiteRunnerWorker.java:86)
	at org.testng.TestNG.runSuitesSequentially(TestNG.java:1215)
	at org.testng.TestNG.runSuitesLocally(TestNG.java:1140)
	at org.testng.TestNG.run(TestNG.java:1048)
	at org.apache.maven.surefire.testng.TestNGExecutor.run(TestNGExecutor.java:281)
	at org.apache.maven.surefire.testng.TestNGXmlTestSuite.execute(TestNGXmlTestSuite.java:75)
	at org.apache.maven.surefire.testng.TestNGProvider.invoke(TestNGProvider.java:121)
	at org.apache.maven.surefire.booter.ForkedBooter.invokeProviderInSameClassLoader(ForkedBooter.java:290)
	at org.apache.maven.surefire.booter.ForkedBooter.runSuitesInProcess(ForkedBooter.java:242)
	at org.apache.maven.surefire.booter.ForkedBooter.main(ForkedBooter.java:121)
</pre></div></td>
<td>0</td>
<td>com.imdb.tests.ImdbTests@614c5515</td></tr>
</table><p>
<table width='100%' border='1' class='invocation-skipped'>
<tr><td colspan='4' align='center'><b>SKIPPED CONFIGURATIONS</b></td></tr>
<tr><td><b>Test method</b></td>
<td width="30%"><b>Exception</b></td>
<td width="10%"><b>Time (seconds)</b></td>
<td><b>Instance</b></td>
</tr>
<tr>
<td title='com.imdb.tests.ImdbTests.setup()'><b>setup</b><br>Test class: com.imdb.tests.ImdbTests</td>
<td></td>
<td>0</td>
<td>com.imdb.tests.ImdbTests@614c5515</td></tr>
<tr>
<td title='com.imdb.tests.ImdbTests.setup()'><b>setup</b><br>Test class: com.imdb.tests.ImdbTests</td>
<td></td>
<td>0</td>
<td>com.imdb.tests.ImdbTests@614c5515</td></tr>
<tr>
<td title='com.imdb.tests.ImdbTests.setup()'><b>setup</b><br>Test class: com.imdb.tests.ImdbTests</td>
<td></td>
<td>0</td>
<td>com.imdb.tests.ImdbTests@614c5515</td></tr>
<tr>
<td title='com.imdb.tests.ImdbTests.setup()'><b>setup</b><br>Test class: com.imdb.tests.ImdbTests</td>
<td></td>
<td>0</td>
<td>com.imdb.tests.ImdbTests@614c5515</td></tr>
<tr>
<td title='com.imdb.tests.ImdbTests.teardown()'><b>teardown</b><br>Test class: com.imdb.tests.ImdbTests</td>
<td></td>
<td>0</td>
<td>com.imdb.tests.ImdbTests@614c5515</td></tr>
<tr>
<td title='com.imdb.tests.ImdbTests.teardown()'><b>teardown</b><br>Test class: com.imdb.tests.ImdbTests</td>
<td></td>
<td>0</td>
<td>com.imdb.tests.ImdbTests@614c5515</td></tr>
<tr>
<td title='com.imdb.tests.ImdbTests.teardown()'><b>teardown</b><br>Test class: com.imdb.tests.ImdbTests</td>
<td></td>
<td>0</td>
<td>com.imdb.tests.ImdbTests@614c5515</td></tr>
<tr>
<td title='com.imdb.tests.ImdbTests.teardown()'><b>teardown</b><br>Test class: com.imdb.tests.ImdbTests</td>
<td></td>
<td>0</td>
<td>com.imdb.tests.ImdbTests@614c5515</td></tr>
<tr>
<td title='com.imdb.tests.ImdbTests.teardown()'><b>teardown</b><br>Test class: com.imdb.tests.ImdbTests</td>
<td></td>
<td>0</td>
<td>com.imdb.tests.ImdbTests@614c5515</td></tr>
</table><p>
<table width='100%' border='1' class='invocation-skipped'>
<tr><td colspan='4' align='center'><b>SKIPPED TESTS</b></td></tr>
<tr><td><b>Test method</b></td>
<td width="30%"><b>Exception</b></td>
<td width="10%"><b>Time (seconds)</b></td>
<td><b>Instance</b></td>
</tr>
<tr>
<td title='com.imdb.tests.ImdbTests.createAccountInvalidEmailAddress()'><b>createAccountInvalidEmailAddress</b><br>Test class: com.imdb.tests.ImdbTests<br>Parameters: public void com.imdb.tests.ImdbTests.createAccountInvalidEmailAddress(java.lang.reflect.Method)</td>
<td></td>
<td>0</td>
<td>com.imdb.tests.ImdbTests@614c5515</td></tr>
<tr>
<td title='com.imdb.tests.ImdbTests.createAccountPasswordMisMatch()'><b>createAccountPasswordMisMatch</b><br>Test class: com.imdb.tests.ImdbTests<br>Parameters: public void com.imdb.tests.ImdbTests.createAccountPasswordMisMatch(java.lang.reflect.Method)</td>
<td></td>
<td>0</td>
<td>com.imdb.tests.ImdbTests@614c5515</td></tr>
<tr>
<td title='com.imdb.tests.ImdbTests.createAccountPositiveTestCase()'><b>createAccountPositiveTestCase</b><br>Test class: com.imdb.tests.ImdbTests<br>Parameters: public void com.imdb.tests.ImdbTests.createAccountPositiveTestCase(java.lang.reflect.Method)</td>
<td></td>
<td>0</td>
<td>com.imdb.tests.ImdbTests@614c5515</td></tr>
<tr>
<td title='com.imdb.tests.ImdbTests.createAccountWithoutMandatoryFields()'><b>createAccountWithoutMandatoryFields</b><br>Test class: com.imdb.tests.ImdbTests<br>Parameters: public void com.imdb.tests.ImdbTests.createAccountWithoutMandatoryFields(java.lang.reflect.Method)</td>
<td></td>
<td>0</td>
<td>com.imdb.tests.ImdbTests@614c5515</td></tr>
<tr>
<td title='com.imdb.tests.ImdbTests.validateHyperLinksOnCreateAccountPage()'><b>validateHyperLinksOnCreateAccountPage</b><br>Test class: com.imdb.tests.ImdbTests<br>Parameters: public void com.imdb.tests.ImdbTests.validateHyperLinksOnCreateAccountPage(java.lang.reflect.Method)</td>
<td></td>
<td>0</td>
<td>com.imdb.tests.ImdbTests@614c5515</td></tr>
</table><p>
</body>
</html>