<?xml version="1.0" encoding="UTF-8"?>
<!-- Generated by org.testng.reporters.JUnitXMLReporter -->
<testsuite hostname="Nakul" name="CreateAccount" tests="5" failures="0" timestamp="22 Sep 2019 05:33:09 GMT" time="0.421" errors="0">
  <testcase name="@BeforeMethod setup" time="0.0" classname="com.imdb.tests.ImdbTests">
    <failure type="java.lang.IllegalStateException" message="The driver executable does not exist: C:\Users\NEERAJ\workspace\Qardio\.\src\test\java\resources\chromedriver.exe">
      <![CDATA[java.lang.IllegalStateException: The driver executable does not exist: C:\Users\NEERAJ\workspace\Qardio\.\src\test\java\resources\chromedriver.exe
	at com.google.common.base.Preconditions.checkState(Preconditions.java:530)
	at org.openqa.selenium.remote.service.DriverService.checkExecutable(DriverService.java:146)
	at org.openqa.selenium.remote.service.DriverService.findExecutable(DriverService.java:141)
	at org.openqa.selenium.chrome.ChromeDriverService.access$000(ChromeDriverService.java:35)
	at org.openqa.selenium.chrome.ChromeDriverService$Builder.findDefaultExecutable(ChromeDriverService.java:159)
	at org.openqa.selenium.remote.service.DriverService$Builder.build(DriverService.java:355)
	at org.openqa.selenium.chrome.ChromeDriverService.createDefaultService(ChromeDriverService.java:94)
	at org.openqa.selenium.chrome.ChromeDriver.<init>(ChromeDriver.java:123)
	at com.qardio.project.BaseTest.setup(BaseTest.java:22)
... Removed 29 stack frames]]>
    </failure>
  </testcase> <!-- @BeforeMethod setup -->
  <testcase name="@AfterMethod teardown" time="0.0" classname="com.imdb.tests.ImdbTests">
    <skipped/>
  </testcase> <!-- @AfterMethod teardown -->
  <testcase name="@BeforeMethod setup" time="0.0" classname="com.imdb.tests.ImdbTests">
    <skipped/>
  </testcase> <!-- @BeforeMethod setup -->
  <testcase name="@AfterMethod teardown" time="0.0" classname="com.imdb.tests.ImdbTests">
    <skipped/>
  </testcase> <!-- @AfterMethod teardown -->
  <testcase name="@BeforeMethod setup" time="0.0" classname="com.imdb.tests.ImdbTests">
    <skipped/>
  </testcase> <!-- @BeforeMethod setup -->
  <testcase name="@AfterMethod teardown" time="0.0" classname="com.imdb.tests.ImdbTests">
    <skipped/>
  </testcase> <!-- @AfterMethod teardown -->
  <testcase name="@BeforeMethod setup" time="0.0" classname="com.imdb.tests.ImdbTests">
    <skipped/>
  </testcase> <!-- @BeforeMethod setup -->
  <testcase name="@AfterMethod teardown" time="0.0" classname="com.imdb.tests.ImdbTests">
    <skipped/>
  </testcase> <!-- @AfterMethod teardown -->
  <testcase name="@BeforeMethod setup" time="0.0" classname="com.imdb.tests.ImdbTests">
    <skipped/>
  </testcase> <!-- @BeforeMethod setup -->
  <testcase name="@AfterMethod teardown" time="0.0" classname="com.imdb.tests.ImdbTests">
    <skipped/>
  </testcase> <!-- @AfterMethod teardown -->
  <testcase name="createAccountPositiveTestCase" time="0.007" classname="com.imdb.tests.ImdbTests">
    <skipped/>
  </testcase> <!-- createAccountPositiveTestCase -->
  <testcase name="createAccountPasswordMisMatch" time="0.001" classname="com.imdb.tests.ImdbTests">
    <skipped/>
  </testcase> <!-- createAccountPasswordMisMatch -->
  <testcase name="createAccountInvalidEmailAddress" time="0.0" classname="com.imdb.tests.ImdbTests">
    <skipped/>
  </testcase> <!-- createAccountInvalidEmailAddress -->
  <testcase name="createAccountWithoutMandatoryFields" time="0.001" classname="com.imdb.tests.ImdbTests">
    <skipped/>
  </testcase> <!-- createAccountWithoutMandatoryFields -->
  <testcase name="validateHyperLinksOnCreateAccountPage" time="0.001" classname="com.imdb.tests.ImdbTests">
    <skipped/>
  </testcase> <!-- validateHyperLinksOnCreateAccountPage -->
</testsuite> <!-- CreateAccount -->
