<?xml version="1.0" encoding="UTF-8"?>
<!-- Generated by org.testng.reporters.JUnitXMLReporter -->
<testsuite hostname="Neeraj" name="Search" tests="6" failures="5" timestamp="25 Apr 2017 16:59:38 GMT" time="337.476" errors="0">
  <testcase name="searchProductWithBestRatingCount" time="0.0" classname="com.snapdeal.tests.SnapdealTests">
    <skipped/>
  </testcase> <!-- searchProductWithBestRatingCount -->
  <testcase name="searchwithOneSectionAndOneProduct" time="39.588" classname="com.snapdeal.tests.SnapdealTests">
    <failure type="java.lang.AssertionError" message="Looks Like Issue in clicking Second Product expected [true] but found [false]">
      <![CDATA[java.lang.AssertionError: Looks Like Issue in clicking Second Product expected [true] but found [false]
	at com.snapdeal.tests.SnapdealTests.searchwithOneSectionAndOneProduct(SnapdealTests.java:64)
... Removed 27 stack frames]]>
    </failure>
  </testcase> <!-- searchwithOneSectionAndOneProduct -->
  <testcase name="searchwithOneSectionandfourProducts" time="37.507" classname="com.snapdeal.tests.SnapdealTests">
    <failure type="java.lang.AssertionError" message="Looks Like Issue in clicking Second Product expected [true] but found [false]">
      <![CDATA[java.lang.AssertionError: Looks Like Issue in clicking Second Product expected [true] but found [false]
	at com.snapdeal.tests.SnapdealTests.searchwithOneSectionandfourProducts(SnapdealTests.java:50)
... Removed 27 stack frames]]>
    </failure>
  </testcase> <!-- searchwithOneSectionandfourProducts -->
  <testcase name="searchwithTwoSectionAndSixProduct" time="38.512" classname="com.snapdeal.tests.SnapdealTests">
    <failure type="java.lang.AssertionError" message="Looks Like Issue in clicking Second Product expected [true] but found [false]">
      <![CDATA[java.lang.AssertionError: Looks Like Issue in clicking Second Product expected [true] but found [false]
	at com.snapdeal.tests.SnapdealTests.searchwithTwoSectionAndSixProduct(SnapdealTests.java:90)
... Removed 27 stack frames]]>
    </failure>
  </testcase> <!-- searchwithTwoSectionAndSixProduct -->
  <testcase name="searchwithTwoSectionAndfiveProduct" time="38.29" classname="com.snapdeal.tests.SnapdealTests">
    <failure type="java.lang.AssertionError" message="Looks Like Issue in clicking Second Product expected [true] but found [false]">
      <![CDATA[java.lang.AssertionError: Looks Like Issue in clicking Second Product expected [true] but found [false]
	at com.snapdeal.tests.SnapdealTests.searchwithTwoSectionAndfiveProduct(SnapdealTests.java:77)
... Removed 27 stack frames]]>
    </failure>
  </testcase> <!-- searchwithTwoSectionAndfiveProduct -->
  <testcase name="searchwithoneSectionAndthirtyRupeesProduct" time="38.115" classname="com.snapdeal.tests.SnapdealTests">
    <failure type="java.lang.AssertionError" message="Looks Like Issue in clicking Second Product expected [true] but found [false]">
      <![CDATA[java.lang.AssertionError: Looks Like Issue in clicking Second Product expected [true] but found [false]
	at com.snapdeal.tests.SnapdealTests.searchwithoneSectionAndthirtyRupeesProduct(SnapdealTests.java:103)
... Removed 27 stack frames]]>
    </failure>
  </testcase> <!-- searchwithoneSectionAndthirtyRupeesProduct -->
</testsuite> <!-- Search -->
